Build started 2/13/2017 9:33:24 AM.
     1>Project "C:\Users\hbringenber6809\Documents\GitHub\Panzerkampfwagen\Panzerkampfwagen\Panzerkampfwagen\Panzerkampfwagen.vcxproj" on node 2 (Build target(s)).
     1>ClCompile:
         D:\Programs\VC\bin\CL.exe /c /ZI /nologo /W3 /WX- /sdl /Od /Oy- /D _MBCS /Gm /EHsc /RTC1 /MDd /GS /fp:precise /Zc:wchar_t /Zc:forScope /Fo"Debug\\" /Fd"Debug\vc120.pdb" /Gd /TP /analyze- /errorReport:prompt mainCode.cpp
         mainCode.cpp
     1>c:\users\hbringenber6809\documents\github\panzerkampfwagen\panzerkampfwagen\panzerkampfwagen\objprojec.h(27): warning C4244: 'argument' : conversion from 'double' to 'float', possible loss of data
     1>c:\users\hbringenber6809\documents\github\panzerkampfwagen\panzerkampfwagen\panzerkampfwagen\objprojec.h(37): warning C4244: 'argument' : conversion from 'double' to 'float', possible loss of data
     1>c:\users\hbringenber6809\documents\github\panzerkampfwagen\panzerkampfwagen\panzerkampfwagen\objprojec.h(45): warning C4244: 'argument' : conversion from 'double' to 'float', possible loss of data
     1>c:\users\hbringenber6809\documents\github\panzerkampfwagen\panzerkampfwagen\panzerkampfwagen\objtank.h(72): warning C4244: '=' : conversion from 'float' to 'int', possible loss of data
     1>c:\users\hbringenber6809\documents\github\panzerkampfwagen\panzerkampfwagen\panzerkampfwagen\maincode.cpp(5): warning C4244: 'argument' : conversion from 'time_t' to 'unsigned int', possible loss of data
     1>c:\users\hbringenber6809\documents\github\panzerkampfwagen\panzerkampfwagen\panzerkampfwagen\maincode.cpp(19): warning C4244: 'argument' : conversion from 'int' to 'float', possible loss of data
     1>c:\users\hbringenber6809\documents\github\panzerkampfwagen\panzerkampfwagen\panzerkampfwagen\maincode.cpp(19): warning C4244: 'argument' : conversion from 'double' to 'float', possible loss of data
     1>c:\users\hbringenber6809\documents\github\panzerkampfwagen\panzerkampfwagen\panzerkampfwagen\maincode.cpp(51): warning C4244: 'argument' : conversion from 'int' to 'float', possible loss of data
     1>c:\users\hbringenber6809\documents\github\panzerkampfwagen\panzerkampfwagen\panzerkampfwagen\maincode.cpp(51): warning C4244: 'argument' : conversion from 'double' to 'float', possible loss of data
     1>c:\users\hbringenber6809\documents\github\panzerkampfwagen\panzerkampfwagen\panzerkampfwagen\maincode.cpp(53): warning C4244: 'argument' : conversion from 'int' to 'float', possible loss of data
     1>c:\users\hbringenber6809\documents\github\panzerkampfwagen\panzerkampfwagen\panzerkampfwagen\maincode.cpp(53): warning C4244: 'argument' : conversion from 'double' to 'float', possible loss of data
       Link:
         D:\Programs\VC\bin\link.exe /ERRORREPORT:PROMPT /OUT:"C:\Users\hbringenber6809\Documents\GitHub\Panzerkampfwagen\Panzerkampfwagen\Debug\Panzerkampfwagen.exe" /INCREMENTAL /NOLOGO "sfml-graphics-d.lib" "sfml-window-d.lib" "sfml-system-d.lib" kernel32.lib user32.lib gdi32.lib winspool.lib comdlg32.lib advapi32.lib shell32.lib ole32.lib oleaut32.lib uuid.lib odbc32.lib odbccp32.lib /MANIFEST /MANIFESTUAC:"level='asInvoker' uiAccess='false'" /manifest:embed /DEBUG /PDB:"C:\Users\hbringenber6809\Documents\GitHub\Panzerkampfwagen\Panzerkampfwagen\Debug\Panzerkampfwagen.pdb" /TLBID:1 /DYNAMICBASE /NXCOMPAT /IMPLIB:"C:\Users\hbringenber6809\Documents\GitHub\Panzerkampfwagen\Panzerkampfwagen\Debug\Panzerkampfwagen.lib" /MACHINE:X86 Debug\mainCode.obj
         Panzerkampfwagen.vcxproj -> C:\Users\hbringenber6809\Documents\GitHub\Panzerkampfwagen\Panzerkampfwagen\Debug\Panzerkampfwagen.exe
     1>Done Building Project "C:\Users\hbringenber6809\Documents\GitHub\Panzerkampfwagen\Panzerkampfwagen\Panzerkampfwagen\Panzerkampfwagen.vcxproj" (Build target(s)).

Build succeeded.

Time Elapsed 00:00:00.74
